[2019-04-22 16:29:37.686] [exthost] [info] extension host started
[2019-04-22 16:29:38.283] [exthost] [info] extension host started
[2019-04-22 16:29:38.318] [exthost] [info] ExtensionService#_doActivateExtension vscode.debug-auto-launch {"startup":true,"activationEvent":"*"}
[2019-04-22 16:29:38.318] [exthost] [info] ExtensionService#loadCommonJSModule c:\Users\涂天佑\.codemix\engine\resources\app\extensions\debug-auto-launch\dist\extension
[2019-04-22 16:29:38.324] [exthost] [info] ExtensionService#_doActivateExtension vscode.emmet {"startup":true,"activationEvent":"*"}
[2019-04-22 16:29:38.324] [exthost] [info] ExtensionService#loadCommonJSModule c:\Users\涂天佑\.codemix\engine\resources\app\extensions\emmet\dist\extension
[2019-04-22 16:29:38.356] [exthost] [info] ExtensionService#_doActivateExtension vscode.merge-conflict {"startup":true,"activationEvent":"*"}
[2019-04-22 16:29:38.356] [exthost] [info] ExtensionService#loadCommonJSModule c:\Users\涂天佑\.codemix\engine\resources\app\extensions\merge-conflict\dist\extension
[2019-04-22 16:29:38.366] [exthost] [info] ExtensionService#_doActivateExtension vscode.configuration-editing {"startup":false,"activationEvent":"onLanguage:jsonc"}
[2019-04-22 16:29:38.366] [exthost] [info] ExtensionService#loadCommonJSModule c:\Users\涂天佑\.codemix\engine\resources\app\extensions\configuration-editing\dist\extension
[2019-04-22 16:29:38.388] [exthost] [info] ExtensionService#_doActivateExtension vscode.json-language-features {"startup":false,"activationEvent":"onLanguage:jsonc"}
[2019-04-22 16:29:38.388] [exthost] [info] ExtensionService#loadCommonJSModule c:\Users\涂天佑\.codemix\engine\resources\app\extensions\json-language-features\client\dist\jsonMain
[2019-04-22 16:29:38.605] [exthost] [info] ExtensionService#_doActivateExtension vscode.typescript-language-features {"startup":false,"activationEvent":"onLanguage:jsonc"}
[2019-04-22 16:29:38.605] [exthost] [info] ExtensionService#loadCommonJSModule c:\Users\涂天佑\.codemix\engine\resources\app\extensions\typescript-language-features\dist\extension
[2019-04-22 16:29:38.730] [exthost] [info] ExtensionService#_doActivateExtension vscode.grunt {"startup":false,"activationEvent":"onCommand:workbench.action.tasks.runTask"}
[2019-04-22 16:29:38.730] [exthost] [info] ExtensionService#loadCommonJSModule c:\Users\涂天佑\.codemix\engine\resources\app\extensions\grunt\dist\main
[2019-04-22 16:29:38.738] [exthost] [info] ExtensionService#_doActivateExtension vscode.gulp {"startup":false,"activationEvent":"onCommand:workbench.action.tasks.runTask"}
[2019-04-22 16:29:38.738] [exthost] [info] ExtensionService#loadCommonJSModule c:\Users\涂天佑\.codemix\engine\resources\app\extensions\gulp\dist\main
[2019-04-22 16:29:38.744] [exthost] [info] ExtensionService#_doActivateExtension vscode.jake {"startup":false,"activationEvent":"onCommand:workbench.action.tasks.runTask"}
[2019-04-22 16:29:38.744] [exthost] [info] ExtensionService#loadCommonJSModule c:\Users\涂天佑\.codemix\engine\resources\app\extensions\jake\dist\main
[2019-04-22 16:29:38.751] [exthost] [info] ExtensionService#_doActivateExtension vscode.npm {"startup":false,"activationEvent":"onCommand:workbench.action.tasks.runTask"}
[2019-04-22 16:29:38.751] [exthost] [info] ExtensionService#loadCommonJSModule c:\Users\涂天佑\.codemix\engine\resources\app\extensions\npm\dist\main
[2019-04-22 16:29:38.796] [exthost] [info] eager extensions activated
[2019-04-22 16:29:41.115] [exthost] [info] ExtensionService#_doActivateExtension christian-kohler.path-intellisense {"startup":false,"activationEvent":"*"}
[2019-04-22 16:29:41.115] [exthost] [info] ExtensionService#loadCommonJSModule c:\Users\涂天佑\.codemix\extensions\christian-kohler.path-intellisense-1.4.2\out\src\extension
[2019-04-22 16:30:35.226] [exthost] [info] extension host started
[2019-04-22 16:30:35.416] [exthost] [info] extension host started
[2019-04-22 16:30:35.428] [exthost] [info] ExtensionService#_doActivateExtension vscode.debug-auto-launch {"startup":true,"activationEvent":"*"}
[2019-04-22 16:30:35.428] [exthost] [info] ExtensionService#loadCommonJSModule c:\Users\涂天佑\.codemix\engine\resources\app\extensions\debug-auto-launch\dist\extension
[2019-04-22 16:30:35.431] [exthost] [info] ExtensionService#_doActivateExtension vscode.emmet {"startup":true,"activationEvent":"*"}
[2019-04-22 16:30:35.431] [exthost] [info] ExtensionService#loadCommonJSModule c:\Users\涂天佑\.codemix\engine\resources\app\extensions\emmet\dist\extension
[2019-04-22 16:30:35.433] [exthost] [info] ExtensionService#_doActivateExtension vscode.merge-conflict {"startup":true,"activationEvent":"*"}
[2019-04-22 16:30:35.433] [exthost] [info] ExtensionService#loadCommonJSModule c:\Users\涂天佑\.codemix\engine\resources\app\extensions\merge-conflict\dist\extension
[2019-04-22 16:30:35.435] [exthost] [info] ExtensionService#_doActivateExtension christian-kohler.path-intellisense {"startup":true,"activationEvent":"*"}
[2019-04-22 16:30:35.435] [exthost] [info] ExtensionService#loadCommonJSModule C:\Users\涂天佑\.codemix\extensions\christian-kohler.path-intellisense-1.4.2\out\src\extension
[2019-04-22 16:30:35.449] [exthost] [info] ExtensionService#_doActivateExtension vscode.configuration-editing {"startup":false,"activationEvent":"onLanguage:jsonc"}
[2019-04-22 16:30:35.449] [exthost] [info] ExtensionService#loadCommonJSModule c:\Users\涂天佑\.codemix\engine\resources\app\extensions\configuration-editing\dist\extension
[2019-04-22 16:30:35.450] [exthost] [info] ExtensionService#_doActivateExtension vscode.json-language-features {"startup":false,"activationEvent":"onLanguage:jsonc"}
[2019-04-22 16:30:35.450] [exthost] [info] ExtensionService#loadCommonJSModule c:\Users\涂天佑\.codemix\engine\resources\app\extensions\json-language-features\client\dist\jsonMain
[2019-04-22 16:30:35.460] [exthost] [info] ExtensionService#_doActivateExtension vscode.typescript-language-features {"startup":false,"activationEvent":"onLanguage:jsonc"}
[2019-04-22 16:30:35.460] [exthost] [info] ExtensionService#loadCommonJSModule c:\Users\涂天佑\.codemix\engine\resources\app\extensions\typescript-language-features\dist\extension
[2019-04-22 16:30:35.471] [exthost] [info] ExtensionService#_doActivateExtension vscode.grunt {"startup":false,"activationEvent":"onCommand:workbench.action.tasks.runTask"}
[2019-04-22 16:30:35.471] [exthost] [info] ExtensionService#loadCommonJSModule c:\Users\涂天佑\.codemix\engine\resources\app\extensions\grunt\dist\main
[2019-04-22 16:30:35.472] [exthost] [info] ExtensionService#_doActivateExtension vscode.gulp {"startup":false,"activationEvent":"onCommand:workbench.action.tasks.runTask"}
[2019-04-22 16:30:35.472] [exthost] [info] ExtensionService#loadCommonJSModule c:\Users\涂天佑\.codemix\engine\resources\app\extensions\gulp\dist\main
[2019-04-22 16:30:35.473] [exthost] [info] ExtensionService#_doActivateExtension vscode.jake {"startup":false,"activationEvent":"onCommand:workbench.action.tasks.runTask"}
[2019-04-22 16:30:35.473] [exthost] [info] ExtensionService#loadCommonJSModule c:\Users\涂天佑\.codemix\engine\resources\app\extensions\jake\dist\main
[2019-04-22 16:30:35.474] [exthost] [info] ExtensionService#_doActivateExtension vscode.npm {"startup":false,"activationEvent":"onCommand:workbench.action.tasks.runTask"}
[2019-04-22 16:30:35.474] [exthost] [info] ExtensionService#loadCommonJSModule c:\Users\涂天佑\.codemix\engine\resources\app\extensions\npm\dist\main
[2019-04-22 16:30:35.479] [exthost] [info] eager extensions activated
[2019-04-22 17:21:40.970] [exthost] [info] extension host started
[2019-04-22 17:21:40.986] [exthost] [info] ExtensionService#_doActivateExtension vscode.debug-auto-launch {"startup":true,"activationEvent":"*"}
[2019-04-22 17:21:40.986] [exthost] [info] ExtensionService#loadCommonJSModule c:\Users\涂天佑\.codemix\engine\resources\app\extensions\debug-auto-launch\dist\extension
[2019-04-22 17:21:40.991] [exthost] [info] ExtensionService#_doActivateExtension vscode.emmet {"startup":true,"activationEvent":"*"}
[2019-04-22 17:21:40.991] [exthost] [info] ExtensionService#loadCommonJSModule c:\Users\涂天佑\.codemix\engine\resources\app\extensions\emmet\dist\extension
[2019-04-22 17:21:40.995] [exthost] [info] ExtensionService#_doActivateExtension vscode.merge-conflict {"startup":true,"activationEvent":"*"}
[2019-04-22 17:21:40.995] [exthost] [info] ExtensionService#loadCommonJSModule c:\Users\涂天佑\.codemix\engine\resources\app\extensions\merge-conflict\dist\extension
[2019-04-22 17:21:40.997] [exthost] [info] ExtensionService#_doActivateExtension christian-kohler.path-intellisense {"startup":true,"activationEvent":"*"}
[2019-04-22 17:21:40.997] [exthost] [info] ExtensionService#loadCommonJSModule C:\Users\涂天佑\.codemix\extensions\christian-kohler.path-intellisense-1.4.2\out\src\extension
[2019-04-22 17:21:41.007] [exthost] [info] ExtensionService#_doActivateExtension vscode.configuration-editing {"startup":false,"activationEvent":"onLanguage:jsonc"}
[2019-04-22 17:21:41.007] [exthost] [info] ExtensionService#loadCommonJSModule c:\Users\涂天佑\.codemix\engine\resources\app\extensions\configuration-editing\dist\extension
[2019-04-22 17:21:41.009] [exthost] [info] ExtensionService#_doActivateExtension vscode.json-language-features {"startup":false,"activationEvent":"onLanguage:jsonc"}
[2019-04-22 17:21:41.009] [exthost] [info] ExtensionService#loadCommonJSModule c:\Users\涂天佑\.codemix\engine\resources\app\extensions\json-language-features\client\dist\jsonMain
[2019-04-22 17:21:41.019] [exthost] [info] ExtensionService#_doActivateExtension vscode.typescript-language-features {"startup":false,"activationEvent":"onLanguage:jsonc"}
[2019-04-22 17:21:41.019] [exthost] [info] ExtensionService#loadCommonJSModule c:\Users\涂天佑\.codemix\engine\resources\app\extensions\typescript-language-features\dist\extension
[2019-04-22 17:21:41.029] [exthost] [info] ExtensionService#_doActivateExtension vscode.grunt {"startup":false,"activationEvent":"onCommand:workbench.action.tasks.runTask"}
[2019-04-22 17:21:41.029] [exthost] [info] ExtensionService#loadCommonJSModule c:\Users\涂天佑\.codemix\engine\resources\app\extensions\grunt\dist\main
[2019-04-22 17:21:41.030] [exthost] [info] ExtensionService#_doActivateExtension vscode.gulp {"startup":false,"activationEvent":"onCommand:workbench.action.tasks.runTask"}
[2019-04-22 17:21:41.030] [exthost] [info] ExtensionService#loadCommonJSModule c:\Users\涂天佑\.codemix\engine\resources\app\extensions\gulp\dist\main
[2019-04-22 17:21:41.032] [exthost] [info] ExtensionService#_doActivateExtension vscode.jake {"startup":false,"activationEvent":"onCommand:workbench.action.tasks.runTask"}
[2019-04-22 17:21:41.032] [exthost] [info] ExtensionService#loadCommonJSModule c:\Users\涂天佑\.codemix\engine\resources\app\extensions\jake\dist\main
[2019-04-22 17:21:41.033] [exthost] [info] ExtensionService#_doActivateExtension vscode.npm {"startup":false,"activationEvent":"onCommand:workbench.action.tasks.runTask"}
[2019-04-22 17:21:41.033] [exthost] [info] ExtensionService#loadCommonJSModule c:\Users\涂天佑\.codemix\engine\resources\app\extensions\npm\dist\main
[2019-04-22 17:21:41.039] [exthost] [info] eager extensions activated
